Flutter crash report.
Please report a bug at https://github.com/flutter/flutter/issues.

## command

flutter --quiet assemble --no-version-check --depfile C:\Users\all\StudioProjects\TTForce\build\app\intermediates\flutter\debug/flutter_build.d --output C:\Users\all\StudioProjects\TTForce\build\app\intermediates\flutter\debug -dTargetFile=C:\Users\all\StudioProjects\TTForce\lib\main.dart -dTargetPlatform=android -dBuildMode=debug -dTrackWidgetCreation=true --DartDefines=Zmx1dHRlci5pbnNwZWN0b3Iuc3RydWN0dXJlZEVycm9ycz10cnVl,RkxVVFRFUl9XRUJfQVVUT19ERVRFQ1Q9dHJ1ZQ==,RkxVVFRFUl9XRUJfQ0FOVkFTS0lUX1VSTD1odHRwczovL3d3dy5nc3RhdGljLmNvbS9mbHV0dGVyLWNhbnZhc2tpdC9jNGNkNDhlMTg2NDYwYjMyZDQ0NTg1Y2UzYzEwMzI3MWFiNjc2MzU1Lw== -dFlavor= -dAndroidArchs=android-x64 -dMinSdkVersion=21 -dIsAndroidLibrary=false debug_android_application

## exception

PathAccessException: PathAccessException: Cannot delete file, path = 'C:\Users\all\StudioProjects\TTForce\build\app\intermediates\flutter\debug\flutter_assets\packages/intl_phone_number_input/assets/flags/kz.png' (OS Error: Access is denied.
, errno = 5)

```
#0      _File.throwIfError (dart:io/file_impl.dart:675:7)
#1      _File._deleteSync (dart:io/file_impl.dart:329:5)
#2      FileSystemEntity.deleteSync (dart:io/file_system_entity.dart:407:7)
#3      ForwardingFileSystemEntity.deleteSync (package:file/src/forwarding/forwarding_file_system_entity.dart:70:16)
#4      ForwardingFileSystemEntity.deleteSync (package:file/src/forwarding/forwarding_file_system_entity.dart:70:16)
#5      ErrorHandlingFileSystem.deleteIfExists (package:flutter_tools/src/base/error_handling_io.dart:80:12)
#6      FlutterBuildSystem.trackSharedBuildDirectory (package:flutter_tools/src/build_system/build_system.dart:764:33)
#7      FlutterBuildSystem.build (package:flutter_tools/src/build_system/build_system.dart:652:5)
<asynchronous suspension>
#8      AssembleCommand.runCommand (package:flutter_tools/src/commands/assemble.dart:318:32)
<asynchronous suspension>
#9      FlutterCommand.run.<anonymous closure> (package:flutter_tools/src/runner/flutter_command.dart:1389:27)
<asynchronous suspension>
#10     AppContext.run.<anonymous closure> (package:flutter_tools/src/base/context.dart:153:19)
<asynchronous suspension>
#11     CommandRunner.runCommand (package:args/command_runner.dart:212:13)
<asynchronous suspension>
#12     FlutterCommandRunner.runCommand.<anonymous closure> (package:flutter_tools/src/runner/flutter_command_runner.dart:355:9)
<asynchronous suspension>
#13     AppContext.run.<anonymous closure> (package:flutter_tools/src/base/context.dart:153:19)
<asynchronous suspension>
#14     FlutterCommandRunner.runCommand (package:flutter_tools/src/runner/flutter_command_runner.dart:295:5)
<asynchronous suspension>
#15     run.<anonymous closure>.<anonymous closure> (package:flutter_tools/runner.dart:119:9)
<asynchronous suspension>
#16     AppContext.run.<anonymous closure> (package:flutter_tools/src/base/context.dart:153:19)
<asynchronous suspension>
#17     main (package:flutter_tools/executable.dart:90:3)
<asynchronous suspension>
```

## flutter doctor

```
[!] Flutter (Channel stable, 3.19.6, on Microsoft Windows [Version 10.0.19045.4529], locale en-PK)
    • Flutter version 3.19.6 on channel stable at D:\flutter_3.19.6\flutter
    ! Warning: `flutter` on your path resolves to C:\flutter\bin\flutter, which is not inside your current Flutter SDK checkout at D:\flutter_3.19.6\flutter. Consider adding D:\flutter_3.19.6\flutter\bin to the front of your path.
    ! Warning: `dart` on your path resolves to C:\flutter\bin\dart, which is not inside your current Flutter SDK checkout at D:\flutter_3.19.6\flutter. Consider adding D:\flutter_3.19.6\flutter\bin to the front of your path.
    • Upstream repository https://github.com/flutter/flutter.git
    • Framework revision 54e66469a9 (5 months ago), 2024-04-17 13:08:03 -0700
    • Engine revision c4cd48e186
    • Dart version 3.3.4
    • DevTools version 2.31.1
    • If those were intentional, you can disregard the above warnings; however it is recommended to use "git" directly to perform update checks and upgrades.

[✓] Windows Version (Installed version of Windows is version 10 or higher)

[✓] Android toolchain - develop for Android devices (Android SDK version 34.0.0)
    • Android SDK at C:\Users\all\AppData\Local\Android\sdk
    • Platform android-34, build-tools 34.0.0
    • Java binary at: C:\Program Files\Android\Android Studio\jbr\bin\java
    • Java version OpenJDK Runtime Environment (build 17.0.9+0--11185874)
    • All Android licenses accepted.

[✓] Chrome - develop for the web
    • Chrome at C:\Program Files\Google\Chrome\Application\chrome.exe

[✗] Visual Studio - develop Windows apps
    ✗ Visual Studio not installed; this is necessary to develop Windows apps.
      Download at https://visualstudio.microsoft.com/downloads/.
      Please install the "Desktop development with C++" workload, including all of its default components

[✓] Android Studio (version 2023.2)
    • Android Studio at C:\Program Files\Android\Android Studio
    • Flutter plugin can be installed from:
      🔨 https://plugins.jetbrains.com/plugin/9212-flutter
    • Dart plugin can be installed from:
      🔨 https://plugins.jetbrains.com/plugin/6351-dart
    • Java version OpenJDK Runtime Environment (build 17.0.9+0--11185874)

[✓] Connected device (5 available)
    • SM A127F (mobile)            • R58RC2CMTBA   • android-arm64  • Android 13 (API 33)
    • sdk gphone64 x86 64 (mobile) • emulator-5554 • android-x64    • Android 14 (API 34) (emulator)
    • Windows (desktop)            • windows       • windows-x64    • Microsoft Windows [Version 10.0.19045.4529]
    • Chrome (web)                 • chrome        • web-javascript • Google Chrome 128.0.6613.119
    • Edge (web)                   • edge          • web-javascript • Microsoft Edge 128.0.2739.54

[✓] Network resources
    • All expected network resources are available.

! Doctor found issues in 2 categories.
```
